# JRE version: OpenJDK Runtime Environment (17.0.10) (build 17.0.10+0--11572160)
# Java VM: OpenJDK 64-Bit Server VM (17.0.10+0--11572160, mixed mode, tiered, compressed oops, compressed class ptrs, g1 gc, windows-amd64)
GC Precious Log:
 CPUs: 12 total, 12 available
 Memory: 16069M
 Large Page Support: Disabled
 NUMA Support: Disabled
 Compressed Oops: Enabled (32-bit)
 Heap Region Size: 1M
 Heap Min Capacity: 8M
 Heap Initial Capacity: 252M
 Heap Max Capacity: 2G
 Pre-touch: Disabled
 Parallel Workers: 10
 Concurrent Workers: 3
 Concurrent Refinement Workers: 10
 Periodic GC: Disabled
Heap:
 garbage-first heap   total 190464K, used 103407K [0x0000000080000000, 0x0000000100000000)
  region size 1024K, 43 young (44032K), 7 survivors (7168K)
 Metaspace       used 77250K, committed 77888K, reserved 1179648K
  class space    used 10620K, committed 10944K, reserved 1048576K
GC Heap History (20 events):
Event: 5.279 GC heap before
{Heap before GC invocations=12 (full 0):
 garbage-first heap   total 94208K, used 74668K [0x0000000080000000, 0x0000000100000000)
  region size 1024K, 42 young (43008K), 3 survivors (3072K)
 Metaspace       used 54622K, committed 55232K, reserved 1114112K
  class space    used 7522K, committed 7808K, reserved 1048576K
}
Event: 5.287 GC heap after
{Heap after GC invocations=13 (full 0):
 garbage-first heap   total 94208K, used 35702K [0x0000000080000000, 0x0000000100000000)
  region size 1024K, 5 young (5120K), 5 survivors (5120K)
 Metaspace       used 54622K, committed 55232K, reserved 1114112K
  class space    used 7522K, committed 7808K, reserved 1048576K
}
Event: 5.700 GC heap before
{Heap before GC invocations=13 (full 0):
 garbage-first heap   total 94208K, used 72566K [0x0000000080000000, 0x0000000100000000)
  region size 1024K, 42 young (43008K), 5 survivors (5120K)
 Metaspace       used 56155K, committed 56704K, reserved 1114112K
  class space    used 7807K, committed 8064K, reserved 1048576K
}
Event: 5.707 GC heap after
{Heap after GC invocations=14 (full 0):
 garbage-first heap   total 94208K, used 40566K [0x0000000080000000, 0x0000000100000000)
  region size 1024K, 6 young (6144K), 6 survivors (6144K)
 Metaspace       used 56155K, committed 56704K, reserved 1114112K
  class space    used 7807K, committed 8064K, reserved 1048576K
}
Event: 5.928 GC heap before
{Heap before GC invocations=14 (full 0):
 garbage-first heap   total 94208K, used 78454K [0x0000000080000000, 0x0000000100000000)
  region size 1024K, 38 young (38912K), 6 survivors (6144K)
 Metaspace       used 57057K, committed 57600K, reserved 1114112K
  class space    used 7936K, committed 8192K, reserved 1048576K
}
Event: 5.933 GC heap after
{Heap after GC invocations=15 (full 0):
 garbage-first heap   total 94208K, used 52330K [0x0000000080000000, 0x0000000100000000)
  region size 1024K, 5 young (5120K), 5 survivors (5120K)
 Metaspace       used 57057K, committed 57600K, reserved 1114112K
  class space    used 7936K, committed 8192K, reserved 1048576K
}
Event: 6.030 GC heap before
{Heap before GC invocations=15 (full 0):
 garbage-first heap   total 94208K, used 63594K [0x0000000080000000, 0x0000000100000000)
  region size 1024K, 18 young (18432K), 5 survivors (5120K)
 Metaspace       used 58003K, committed 58560K, reserved 1114112K
  class space    used 8054K, committed 8320K, reserved 1048576K
}
Event: 6.033 GC heap after
{Heap after GC invocations=16 (full 0):
 garbage-first heap   total 113664K, used 54340K [0x0000000080000000, 0x0000000100000000)
  region size 1024K, 2 young (2048K), 2 survivors (2048K)
 Metaspace       used 58003K, committed 58560K, reserved 1114112K
  class space    used 8054K, committed 8320K, reserved 1048576K
}
Event: 6.344 GC heap before
{Heap before GC invocations=17 (full 0):
 garbage-first heap   total 113664K, used 89156K [0x0000000080000000, 0x0000000100000000)
  region size 1024K, 35 young (35840K), 2 survivors (2048K)
 Metaspace       used 60646K, committed 61248K, reserved 1114112K
  class space    used 8416K, committed 8704K, reserved 1048576K
}
Event: 6.347 GC heap after
{Heap after GC invocations=18 (full 0):
 garbage-first heap   total 113664K, used 56100K [0x0000000080000000, 0x0000000100000000)
  region size 1024K, 3 young (3072K), 3 survivors (3072K)
 Metaspace       used 60646K, committed 61248K, reserved 1114112K
  class space    used 8416K, committed 8704K, reserved 1048576K
}
Event: 6.362 GC heap before
{Heap before GC invocations=18 (full 0):
 garbage-first heap   total 113664K, used 58148K [0x0000000080000000, 0x0000000100000000)
  region size 1024K, 5 young (5120K), 3 survivors (3072K)
 Metaspace       used 60781K, committed 61440K, reserved 1114112K
  class space    used 8434K, committed 8768K, reserved 1048576K
}
Event: 6.366 GC heap after
{Heap after GC invocations=19 (full 0):
 garbage-first heap   total 113664K, used 55046K [0x0000000080000000, 0x0000000100000000)
  region size 1024K, 1 young (1024K), 1 survivors (1024K)
 Metaspace       used 60781K, committed 61440K, reserved 1114112K
  class space    used 8434K, committed 8768K, reserved 1048576K
}
Event: 6.732 GC heap before
{Heap before GC invocations=19 (full 0):
 garbage-first heap   total 113664K, used 89862K [0x0000000080000000, 0x0000000100000000)
  region size 1024K, 35 young (35840K), 1 survivors (1024K)
 Metaspace       used 64672K, committed 65280K, reserved 1114112K
  class space    used 8935K, committed 9216K, reserved 1048576K
}
Event: 6.738 GC heap after
{Heap after GC invocations=20 (full 0):
 garbage-first heap   total 113664K, used 55729K [0x0000000080000000, 0x0000000100000000)
  region size 1024K, 1 young (1024K), 1 survivors (1024K)
 Metaspace       used 64672K, committed 65280K, reserved 1114112K
  class space    used 8935K, committed 9216K, reserved 1048576K
}
Event: 7.029 GC heap before
{Heap before GC invocations=21 (full 0):
 garbage-first heap   total 113664K, used 96689K [0x0000000080000000, 0x0000000100000000)
  region size 1024K, 36 young (36864K), 1 survivors (1024K)
 Metaspace       used 67552K, committed 68160K, reserved 1114112K
  class space    used 9303K, committed 9600K, reserved 1048576K
}
Event: 7.032 GC heap after
{Heap after GC invocations=22 (full 0):
 garbage-first heap   total 190464K, used 60868K [0x0000000080000000, 0x0000000100000000)
  region size 1024K, 5 young (5120K), 5 survivors (5120K)
 Metaspace       used 67552K, committed 68160K, reserved 1114112K
  class space    used 9303K, committed 9600K, reserved 1048576K
}
Event: 7.074 GC heap before
{Heap before GC invocations=22 (full 0):
 garbage-first heap   total 190464K, used 63940K [0x0000000080000000, 0x0000000100000000)
  region size 1024K, 9 young (9216K), 5 survivors (5120K)
 Metaspace       used 67864K, committed 68480K, reserved 1114112K
  class space    used 9341K, committed 9664K, reserved 1048576K
}
Event: 7.083 GC heap after
{Heap after GC invocations=23 (full 0):
 garbage-first heap   total 190464K, used 60942K [0x0000000080000000, 0x0000000100000000)
  region size 1024K, 1 young (1024K), 1 survivors (1024K)
 Metaspace       used 67864K, committed 68480K, reserved 1114112K
  class space    used 9341K, committed 9664K, reserved 1048576K
}
Event: 7.832 GC heap before
{Heap before GC invocations=23 (full 0):
 garbage-first heap   total 190464K, used 147982K [0x0000000080000000, 0x0000000100000000)
  region size 1024K, 87 young (89088K), 1 survivors (1024K)
 Metaspace       used 74843K, committed 75520K, reserved 1114112K
  class space    used 10287K, committed 10624K, reserved 1048576K
}
Event: 7.836 GC heap after
{Heap after GC invocations=24 (full 0):
 garbage-first heap   total 190464K, used 66543K [0x0000000080000000, 0x0000000100000000)
  region size 1024K, 7 young (7168K), 7 survivors (7168K)
 Metaspace       used 74843K, committed 75520K, reserved 1114112K
  class space    used 10287K, committed 10624K, reserved 1048576K
}

